<?xml version="1.0" encoding="UTF-8"?>
<testsuite xmlns:xsi="http://www.w3.org/2001/XMLSchema-instance" xsi:noNamespaceSchemaLocation="https://maven.apache.org/surefire/maven-surefire-plugin/xsd/surefire-test-report-3.0.xsd" version="3.0" name="TestSuite" time="0.431" tests="7" errors="0" skipped="0" failures="0">
  <properties>
    <property name="gopherProxySet" value="false"/>
    <property name="awt.toolkit" value="sun.lwawt.macosx.LWCToolkit"/>
    <property name="java.specification.version" value="11"/>
    <property name="sun.cpu.isalist" value=""/>
    <property name="sun.jnu.encoding" value="UTF-8"/>
    <property name="java.class.path" value="/Users/hzrncik/Documents/code/sandbox/java-test/target/test-classes:/Users/hzrncik/Documents/code/sandbox/java-test/target/classes:/Users/hzrncik/.m2/repository/org/testng/testng/7.6.0/testng-7.6.0.jar:/Users/hzrncik/.m2/repository/com/google/code/findbugs/jsr305/3.0.2/jsr305-3.0.2.jar:/Users/hzrncik/.m2/repository/org/slf4j/slf4j-api/1.7.36/slf4j-api-1.7.36.jar:/Users/hzrncik/.m2/repository/com/beust/jcommander/1.82/jcommander-1.82.jar:/Users/hzrncik/.m2/repository/org/webjars/jquery/3.6.0/jquery-3.6.0.jar:"/>
    <property name="java.vm.vendor" value="AdoptOpenJDK"/>
    <property name="sun.arch.data.model" value="64"/>
    <property name="java.vendor.url" value="https://adoptopenjdk.net/"/>
    <property name="user.timezone" value="Europe/Vienna"/>
    <property name="java.vm.specification.version" value="11"/>
    <property name="os.name" value="Mac OS X"/>
    <property name="sun.java.launcher" value="SUN_STANDARD"/>
    <property name="user.country" value="GB"/>
    <property name="sun.boot.library.path" value="/Users/hzrncik/Library/Java/JavaVirtualMachines/adopt-openjdk-11.0.10/Contents/Home/lib"/>
    <property name="sun.java.command" value="/Users/hzrncik/Documents/code/sandbox/java-test/target/surefire/surefirebooter12189897412791755631.jar /Users/hzrncik/Documents/code/sandbox/java-test/target/surefire 2022-07-08T13-44-26_609-jvmRun1 surefire8629324479204713343tmp surefire_018057905588012114703tmp"/>
    <property name="jdk.debug" value="release"/>
    <property name="surefire.test.class.path" value="/Users/hzrncik/Documents/code/sandbox/java-test/target/test-classes:/Users/hzrncik/Documents/code/sandbox/java-test/target/classes:/Users/hzrncik/.m2/repository/org/testng/testng/7.6.0/testng-7.6.0.jar:/Users/hzrncik/.m2/repository/com/google/code/findbugs/jsr305/3.0.2/jsr305-3.0.2.jar:/Users/hzrncik/.m2/repository/org/slf4j/slf4j-api/1.7.36/slf4j-api-1.7.36.jar:/Users/hzrncik/.m2/repository/com/beust/jcommander/1.82/jcommander-1.82.jar:/Users/hzrncik/.m2/repository/org/webjars/jquery/3.6.0/jquery-3.6.0.jar:"/>
    <property name="sun.cpu.endian" value="little"/>
    <property name="user.home" value="/Users/hzrncik"/>
    <property name="user.language" value="en"/>
    <property name="java.specification.vendor" value="Oracle Corporation"/>
    <property name="java.version.date" value="2021-01-19"/>
    <property name="java.home" value="/Users/hzrncik/Library/Java/JavaVirtualMachines/adopt-openjdk-11.0.10/Contents/Home"/>
    <property name="file.separator" value="/"/>
    <property name="basedir" value="/Users/hzrncik/Documents/code/sandbox/java-test"/>
    <property name="java.vm.compressedOopsMode" value="Zero based"/>
    <property name="line.separator" value="&#10;"/>
    <property name="java.specification.name" value="Java Platform API Specification"/>
    <property name="java.vm.specification.vendor" value="Oracle Corporation"/>
    <property name="java.awt.graphicsenv" value="sun.awt.CGraphicsEnvironment"/>
    <property name="surefire.real.class.path" value="/Users/hzrncik/Documents/code/sandbox/java-test/target/surefire/surefirebooter12189897412791755631.jar"/>
    <property name="sun.management.compiler" value="HotSpot 64-Bit Tiered Compilers"/>
    <property name="java.runtime.version" value="11.0.10+9"/>
    <property name="user.name" value="hzrncik"/>
    <property name="path.separator" value=":"/>
    <property name="os.version" value="10.16"/>
    <property name="java.runtime.name" value="OpenJDK Runtime Environment"/>
    <property name="file.encoding" value="UTF-8"/>
    <property name="java.vm.name" value="OpenJDK 64-Bit Server VM"/>
    <property name="java.vendor.version" value="AdoptOpenJDK"/>
    <property name="localRepository" value="/Users/hzrncik/.m2/repository"/>
    <property name="java.vendor.url.bug" value="https://github.com/AdoptOpenJDK/openjdk-support/issues"/>
    <property name="java.io.tmpdir" value="/var/folders/_n/4v4gm05x5652b269h5fz_yfh0000gp/T/"/>
    <property name="java.version" value="11.0.10"/>
    <property name="user.dir" value="/Users/hzrncik/Documents/code/sandbox/java-test"/>
    <property name="os.arch" value="x86_64"/>
    <property name="java.vm.specification.name" value="Java Virtual Machine Specification"/>
    <property name="java.awt.printerjob" value="sun.lwawt.macosx.CPrinterJob"/>
    <property name="sun.os.patch.level" value="unknown"/>
    <property name="java.library.path" value="/Users/hzrncik/Library/Java/Extensions:/Library/Java/Extensions:/Network/Library/Java/Extensions:/System/Library/Java/Extensions:/usr/lib/java:."/>
    <property name="java.vm.info" value="mixed mode"/>
    <property name="java.vendor" value="AdoptOpenJDK"/>
    <property name="java.vm.version" value="11.0.10+9"/>
    <property name="sun.io.unicode.encoding" value="UnicodeBig"/>
    <property name="java.class.version" value="55.0"/>
  </properties>
  <testcase name="aFastTest" classname="packages.package2.TestClass2b" time="0.002">
    <system-out><![CDATA[test2b
]]></system-out>
    <system-err><![CDATA[SLF4J: Failed to load class "org.slf4j.impl.StaticLoggerBinder".
SLF4J: Defaulting to no-operation (NOP) logger implementation
SLF4J: See http://www.slf4j.org/codes.html#StaticLoggerBinder for further details.
]]></system-err>
  </testcase>
  <testcase name="aFastTest" classname="packages.package2.TestClass2a" time="0">
    <system-out><![CDATA[test2a
]]></system-out>
  </testcase>
  <testcase name="aFastTest" classname="packages.package1.TestClass1b" time="0.001">
    <system-out><![CDATA[test1b
]]></system-out>
  </testcase>
  <testcase name="test1aa" classname="packages.package1.TestClass1a" time="0">
    <system-out><![CDATA[test1aa
]]></system-out>
  </testcase>
  <testcase name="test1ab" classname="packages.package1.TestClass1a" time="0">
    <system-out><![CDATA[test1ab
]]></system-out>
  </testcase>
  <testcase name="test1ac" classname="packages.package1.TestClass1a" time="0">
    <system-out><![CDATA[test1ac
]]></system-out>
  </testcase>
  <testcase name="test1ad" classname="packages.package1.TestClass1a" time="0">
    <system-out><![CDATA[test1ad
]]></system-out>
  </testcase>
</testsuite>