<?xml version="1.0" encoding="UTF-8"?>
<!-- Generated by org.testng.reporters.JUnitReportReporter -->
<testsuite hostname="henrichs-MacBook-Pro" failures="0" tests="2" name="SimpleTest" time="0.001" errors="0" timestamp="2022-07-08T10:51:09 CEST" skipped="0">
  <testcase classname="SimpleTest" name="aFastTest" time="0.001"/>
  <system-out/>
  <testcase classname="SimpleTest" name="aSlowTest" time="0.000"/>
  <system-out/>
</testsuite> <!-- SimpleTest -->
