<?xml version="1.0" encoding="UTF-8"?>
<!-- Generated by org.testng.reporters.JUnitReportReporter -->
<testsuite hostname="henrichs-MacBook-Pro" failures="0" tests="2" name="SimpleTest" time="0.000" errors="0" timestamp="2022-07-07T21:35:47 CEST" skipped="0">
  <testcase classname="SimpleTest" name="aFastTest" time="0.000"/>
  <system-out/>
  <testcase classname="SimpleTest" name="aSlowTest" time="0.000"/>
  <system-out/>
</testsuite> <!-- SimpleTest -->
