<?xml version="1.0" encoding="UTF-8"?>
<!-- Generated by org.testng.reporters.JUnitReportReporter -->
<testsuite hostname="henrichs-MacBook-Pro" failures="0" tests="2" name="beforeAfters.ChildClass" time="0.003" errors="0" timestamp="2022-07-08T16:17:27 CEST" skipped="0">
  <testcase classname="beforeAfters.ChildClass" name="BaseTest" time="0.001"/>
  <system-out/>
  <testcase classname="beforeAfters.ChildClass" name="childTest" time="0.002"/>
  <system-out/>
</testsuite> <!-- beforeAfters.ChildClass -->
