<?xml version="1.0" encoding="UTF-8"?>
<!-- Generated by org.testng.reporters.JUnitReportReporter -->
<testsuite hostname="henrichs-MacBook-Pro" failures="0" tests="2" name="helloWorld.SimpleTest" time="0.001" errors="0" timestamp="2022-07-08T12:37:51 CEST" skipped="0">
  <testcase classname="helloWorld.SimpleTest" name="aSlowTest" time="0.000"/>
  <system-out/>
  <testcase classname="helloWorld.SimpleTest" name="aFastTest" time="0.001"/>
  <system-out/>
</testsuite> <!-- helloWorld.SimpleTest -->
