<?xml version="1.0" encoding="UTF-8"?>
<!-- Generated by org.testng.reporters.JUnitReportReporter -->
<testsuite hostname="henrichs-MacBook-Pro" failures="0" tests="1" name="packages.package2.TestClass2b" time="0.004" errors="0" timestamp="2022-07-08T13:44:27 CEST" skipped="0">
  <testcase classname="packages.package2.TestClass2b" name="aFastTest" time="0.004"/>
  <system-out/>
</testsuite> <!-- packages.package2.TestClass2b -->
