<?xml version="1.0" encoding="UTF-8"?>
<!-- Generated by org.testng.reporters.JUnitReportReporter -->
<testsuite hostname="henrichs-MacBook-Pro" failures="0" tests="4" name="TestAnnotationAttributes" time="2.016" errors="0" timestamp="2022-07-08T19:39:56 CEST" skipped="0">
  <testcase classname="TestAnnotationAttributes" name="timeTestOne" time="2.013"/>
  <system-out/>
  <testcase classname="TestAnnotationAttributes" name="exceptionTestPass" time="0.003"/>
  <system-out/>
  <testcase classname="TestAnnotationAttributes" name="testMethod" time="0.000"/>
  <system-out/>
  <testcase classname="TestAnnotationAttributes" name="testMethod" time="0.000"/>
  <system-out/>
</testsuite> <!-- TestAnnotationAttributes -->
