<?xml version="1.0" encoding="UTF-8"?>
<!-- Generated by org.testng.reporters.JUnitReportReporter -->
<testsuite hostname="henrichs-MacBook-Pro" failures="0" tests="1" name="multiplePackage.second.SecondTest" time="0.000" errors="0" timestamp="2022-07-08T11:00:56 CEST" skipped="0">
  <testcase classname="multiplePackage.second.SecondTest" name="aFastTest" time="0.000"/>
  <system-out/>
</testsuite> <!-- multiplePackage.second.SecondTest -->
