<?xml version="1.0" encoding="UTF-8"?>
<!-- Generated by org.testng.reporters.JUnitReportReporter -->
<testsuite hostname="henrichs-MacBook-Pro" failures="0" tests="4" name="TestDependsOn" time="0.002" errors="0" timestamp="2022-07-08T19:39:56 CEST" skipped="0">
  <testcase classname="TestDependsOn" name="test4" time="0.001"/>
  <system-out/>
  <testcase classname="TestDependsOn" name="test3" time="0.001"/>
  <system-out/>
  <testcase classname="TestDependsOn" name="test1" time="0.000"/>
  <system-out/>
  <testcase classname="TestDependsOn" name="test2" time="0.000"/>
  <system-out/>
</testsuite> <!-- TestDependsOn -->
