<?xml version="1.0" encoding="UTF-8"?>
<!-- Generated by org.testng.reporters.JUnitReportReporter -->
<testsuite hostname="henrichs-MacBook-Pro" failures="0" tests="3" name="beforeAfters.BeforeAfters2" time="0.002" errors="0" timestamp="2022-07-08T14:52:51 CEST" skipped="0">
  <testcase classname="beforeAfters.BeforeAfters2" name="Test1Green" time="0.001"/>
  <system-out/>
  <testcase classname="beforeAfters.BeforeAfters2" name="Test1Blue" time="0.001"/>
  <system-out/>
  <testcase classname="beforeAfters.BeforeAfters2" name="Test1Red" time="0.000"/>
  <system-out/>
</testsuite> <!-- beforeAfters.BeforeAfters2 -->
