<?xml version="1.0" encoding="UTF-8"?>
<!-- Generated by org.testng.reporters.JUnitReportReporter -->
<testsuite hostname="henrichs-MacBook-Pro" failures="0" tests="1" name="packages.additional.TestClass3" time="0.000" errors="0" timestamp="2022-07-08T13:43:41 CEST" skipped="0">
  <testcase classname="packages.additional.TestClass3" name="aFastTest" time="0.000"/>
  <system-out/>
</testsuite> <!-- packages.additional.TestClass3 -->
