<?xml version="1.0" encoding="UTF-8"?>
<!-- Generated by org.testng.reporters.JUnitReportReporter -->
<testsuite hostname="henrichs-MacBook-Pro" failures="0" tests="1" name="beforeAfters.BeforeAfters" time="0.003" errors="0" timestamp="2022-07-08T14:06:41 CEST" skipped="0">
  <testcase classname="beforeAfters.BeforeAfters" name="hell" time="0.003"/>
  <system-out/>
</testsuite> <!-- beforeAfters.BeforeAfters -->
