<?xml version="1.0" encoding="UTF-8"?>
<!-- Generated by org.testng.reporters.JUnitReportReporter -->
<testsuite hostname="henrichs-MacBook-Pro" failures="0" tests="4" name="packages.package1.TestClass1a" time="0.002" errors="0" timestamp="2022-07-08T13:44:27 CEST" skipped="0">
  <testcase classname="packages.package1.TestClass1a" name="test1ad" time="0.001"/>
  <system-out/>
  <testcase classname="packages.package1.TestClass1a" name="test1ac" time="0.000"/>
  <system-out/>
  <testcase classname="packages.package1.TestClass1a" name="test1ab" time="0.001"/>
  <system-out/>
  <testcase classname="packages.package1.TestClass1a" name="test1aa" time="0.000"/>
  <system-out/>
</testsuite> <!-- packages.package1.TestClass1a -->
